{"numFailedTestSuites":0,"numFailedTests":0,"numPassedTestSuites":1,"numPassedTests":1,"numPendingTestSuites":0,"numPendingTests":0,"numRuntimeErrorTestSuites":0,"numTodoTests":0,"numTotalTestSuites":1,"numTotalTests":1,"openHandles":[],"snapshot":{"added":0,"didUpdate":false,"failure":false,"filesAdded":0,"filesRemoved":0,"filesRemovedList":[],"filesUnmatched":0,"filesUpdated":0,"matched":0,"total":0,"unchecked":0,"uncheckedKeysByFile":[],"unmatched":0,"updated":0},"startTime":1611566062561,"success":true,"testResults":[{"assertionResults":[{"ancestorTitles":["Button"],"failureMessages":[],"fullName":"Button should simulate click","location":null,"status":"passed","title":"should simulate click"}],"endTime":1611566067313,"message":"","name":"/Users/gwonmyonghi/Desktop/posco-temp/packages/posco-ui/src/Buttons/tests/BaseButton.test.tsx","startTime":1611566063227,"status":"passed","summary":""}],"wasInterrupted":false,"coverageMap":{"/Users/gwonmyonghi/Desktop/posco-temp/packages/posco-ui/src/Buttons/BaseButton.tsx":{"path":"/Users/gwonmyonghi/Desktop/posco-temp/packages/posco-ui/src/Buttons/BaseButton.tsx","statementMap":{"0":{"start":{"line":1,"column":0},"end":{"line":1,"column":26}},"1":{"start":{"line":2,"column":0},"end":{"line":2,"column":30}},"2":{"start":{"line":16,"column":19},"end":{"line":19,"column":1}},"3":{"start":{"line":17,"column":38},"end":{"line":17,"column":44}},"4":{"start":{"line":18,"column":1},"end":{"line":18,"column":73}},"5":{"start":{"line":21,"column":0},"end":{"line":21,"column":26}}},"fnMap":{"0":{"name":"(anonymous_7)","decl":{"start":{"line":16,"column":19},"end":{"line":16,"column":20}},"loc":{"start":{"line":16,"column":42},"end":{"line":19,"column":1}}}},"branchMap":{},"s":{"0":1,"1":1,"2":1,"3":2,"4":1,"5":1},"f":{"0":1},"b":{}},"/Users/gwonmyonghi/Desktop/posco-temp/packages/posco-ui/src/typings.d.ts":{"path":"/Users/gwonmyonghi/Desktop/posco-temp/packages/posco-ui/src/typings.d.ts","statementMap":{},"fnMap":{},"branchMap":{},"s":{},"f":{},"b":{},"inputSourceMap":null},"/Users/gwonmyonghi/Desktop/posco-temp/packages/posco-ui/src/Templates/GlobalTemplate.tsx":{"path":"/Users/gwonmyonghi/Desktop/posco-temp/packages/posco-ui/src/Templates/GlobalTemplate.tsx","statementMap":{"0":{"start":{"line":1,"column":0},"end":{"line":1,"column":26}},"1":{"start":{"line":2,"column":0},"end":{"line":2,"column":35}},"2":{"start":{"line":3,"column":0},"end":{"line":3,"column":30}},"3":{"start":{"line":11,"column":23},"end":{"line":20,"column":1}},"4":{"start":{"line":12,"column":36},"end":{"line":12,"column":42}},"5":{"start":{"line":13,"column":1},"end":{"line":19,"column":3}},"6":{"start":{"line":21,"column":0},"end":{"line":21,"column":30}}},"fnMap":{"0":{"name":"(anonymous_7)","decl":{"start":{"line":11,"column":23},"end":{"line":11,"column":24}},"loc":{"start":{"line":11,"column":50},"end":{"line":20,"column":1}}}},"branchMap":{},"s":{"0":0,"1":0,"2":0,"3":0,"4":0,"5":0,"6":0},"f":{"0":0},"b":{}}}}