{"numFailedTestSuites":0,"numFailedTests":0,"numPassedTestSuites":1,"numPassedTests":1,"numPendingTestSuites":0,"numPendingTests":0,"numRuntimeErrorTestSuites":0,"numTodoTests":0,"numTotalTestSuites":1,"numTotalTests":1,"openHandles":[],"snapshot":{"added":0,"didUpdate":false,"failure":false,"filesAdded":0,"filesRemoved":0,"filesRemovedList":[],"filesUnmatched":0,"filesUpdated":0,"matched":0,"total":0,"unchecked":0,"uncheckedKeysByFile":[],"unmatched":0,"updated":0},"startTime":1611294158635,"success":true,"testResults":[{"assertionResults":[{"ancestorTitles":["Button"],"failureMessages":[],"fullName":"Button should simulate click","location":null,"status":"passed","title":"should simulate click"}],"endTime":1611294160048,"message":"","name":"/Users/gwonmyonghi/Desktop/posco/packages/posco-ui/src/Buttons/tests/BaseButton.test.tsx","startTime":1611294159047,"status":"passed","summary":""}],"wasInterrupted":false,"coverageMap":{"/Users/gwonmyonghi/Desktop/posco/packages/posco-ui/src/Buttons/BaseButton.tsx":{"path":"/Users/gwonmyonghi/Desktop/posco/packages/posco-ui/src/Buttons/BaseButton.tsx","statementMap":{"0":{"start":{"line":1,"column":0},"end":{"line":1,"column":26}},"1":{"start":{"line":2,"column":0},"end":{"line":2,"column":30}},"2":{"start":{"line":9,"column":19},"end":{"line":12,"column":1}},"3":{"start":{"line":10,"column":34},"end":{"line":10,"column":40}},"4":{"start":{"line":11,"column":1},"end":{"line":11,"column":69}},"5":{"start":{"line":14,"column":0},"end":{"line":14,"column":26}}},"fnMap":{"0":{"name":"(anonymous_7)","decl":{"start":{"line":9,"column":19},"end":{"line":9,"column":20}},"loc":{"start":{"line":9,"column":42},"end":{"line":12,"column":1}}}},"branchMap":{},"s":{"0":1,"1":1,"2":1,"3":2,"4":1,"5":1},"f":{"0":1},"b":{}}}}